<?xml version="1.0" encoding="UTF-8"?>
<!-- Generated by org.testng.reporters.JUnitReportReporter -->
<testsuite hostname="LAPTOP-S6AOKUSE" failures="0" tests="1" name="StoreProductListingFlow" time="20.686" errors="0" timestamp="12 Feb 2023 19:06:13 GMT" skipped="0">
  <testcase classname="StoreProductListingFlow" name="AddProductToCart" time="20.686"/>
</testsuite> <!-- StoreProductListingFlow -->
